TN:
SF:/home/shen/github/cellevolution-contracts/contracts/CellEvolutionNewWorld.sol
FN:22,constructor
FN:30,getCellHistory
FN:34,getCellDB
FN:39,setIsOpen
FN:45,setCellno
FN:51,sethistoryno
FN:57,setVersion
FN:63,setHomeworld
FN:69,writeworld
FN:75,writecell
FN:81,dnamerge
FN:158,newinheritance
FN:163,worldtitlecheck
FN:259,inheritance
FN:287,checkdeath
FN:318,randomize
FN:322,strConcat
FN:333,toString
FNF:18
FNH:7
FNDA:6,constructor
FNDA:2,getCellHistory
FNDA:0,getCellDB
FNDA:0,setIsOpen
FNDA:0,setCellno
FNDA:0,sethistoryno
FNDA:0,setVersion
FNDA:0,setHomeworld
FNDA:0,writeworld
FNDA:0,writecell
FNDA:1,dnamerge
FNDA:1,newinheritance
FNDA:0,worldtitlecheck
FNDA:0,inheritance
FNDA:1,checkdeath
FNDA:0,randomize
FNDA:22,strConcat
FNDA:1,toString
DA:23,6
DA:24,6
DA:25,6
DA:26,6
DA:27,6
DA:31,2
DA:35,0
DA:40,0
DA:41,0
DA:42,0
DA:46,0
DA:47,0
DA:48,0
DA:52,0
DA:53,0
DA:54,0
DA:58,0
DA:59,0
DA:60,0
DA:64,0
DA:65,0
DA:66,0
DA:70,0
DA:71,0
DA:72,0
DA:76,0
DA:77,0
DA:78,0
DA:93,1
DA:95,1
DA:96,1
DA:98,1
DA:99,1
DA:101,1
DA:102,1
DA:104,1
DA:105,1
DA:106,1
DA:107,1
DA:108,1
DA:109,1
DA:110,1
DA:111,1
DA:112,1
DA:113,1
DA:115,1
DA:116,1
DA:117,1
DA:118,1
DA:119,1
DA:120,1
DA:121,1
DA:122,1
DA:123,1
DA:124,1
DA:126,1
DA:127,1
DA:128,1
DA:129,1
DA:130,1
DA:131,1
DA:132,1
DA:133,1
DA:134,1
DA:135,1
DA:136,1
DA:137,1
DA:138,1
DA:139,1
DA:140,1
DA:141,1
DA:142,1
DA:143,1
DA:144,1
DA:145,1
DA:146,1
DA:147,1
DA:149,1
DA:155,1
DA:159,1
DA:160,1
DA:164,0
DA:165,0
DA:166,0
DA:168,0
DA:170,0
DA:172,0
DA:173,0
DA:175,0
DA:177,0
DA:179,0
DA:180,0
DA:182,0
DA:184,0
DA:186,0
DA:187,0
DA:189,0
DA:191,0
DA:193,0
DA:194,0
DA:199,0
DA:204,0
DA:210,0
DA:211,0
DA:212,0
DA:215,0
DA:216,0
DA:218,0
DA:224,0
DA:226,0
DA:232,0
DA:234,0
DA:240,0
DA:243,0
DA:244,0
DA:249,0
DA:251,0
DA:252,0
DA:255,0
DA:256,0
DA:260,0
DA:261,0
DA:262,0
DA:264,0
DA:266,0
DA:268,0
DA:269,0
DA:271,0
DA:273,0
DA:275,0
DA:276,0
DA:278,0
DA:280,0
DA:283,0
DA:284,0
DA:293,1
DA:295,0
DA:296,0
DA:307,0
DA:308,0
DA:309,0
DA:310,0
DA:311,0
DA:314,1
DA:319,0
DA:323,22
DA:324,22
DA:325,22
DA:326,22
DA:327,22
DA:328,22
DA:329,22
DA:330,22
DA:334,1
DA:336,1
DA:337,1
DA:338,1
DA:339,1
DA:340,20
DA:341,20
DA:343,1
LF:161
LH:77
BRDA:40,1,0,0
BRDA:40,1,1,0
BRDA:46,2,0,0
BRDA:46,2,1,0
BRDA:52,3,0,0
BRDA:52,3,1,0
BRDA:58,4,0,0
BRDA:58,4,1,0
BRDA:64,5,0,0
BRDA:64,5,1,0
BRDA:70,6,0,0
BRDA:70,6,1,0
BRDA:76,7,0,0
BRDA:76,7,1,0
BRDA:93,8,0,1
BRDA:93,8,1,0
BRDA:95,9,0,1
BRDA:95,9,1,0
BRDA:96,10,0,1
BRDA:96,10,1,0
BRDA:165,11,0,0
BRDA:165,11,1,0
BRDA:167,12,0,0
BRDA:167,12,1,0
BRDA:172,13,0,0
BRDA:172,13,1,0
BRDA:174,14,0,0
BRDA:174,14,1,0
BRDA:179,15,0,0
BRDA:179,15,1,0
BRDA:181,16,0,0
BRDA:181,16,1,0
BRDA:186,17,0,0
BRDA:186,17,1,0
BRDA:188,18,0,0
BRDA:188,18,1,0
BRDA:193,19,0,0
BRDA:193,19,1,0
BRDA:198,20,0,0
BRDA:198,20,1,0
BRDA:211,21,0,0
BRDA:211,21,1,0
BRDA:215,22,0,0
BRDA:215,22,1,0
BRDA:218,23,0,0
BRDA:218,23,1,0
BRDA:226,24,0,0
BRDA:226,24,1,0
BRDA:234,25,0,0
BRDA:234,25,1,0
BRDA:244,26,0,0
BRDA:244,26,1,0
BRDA:251,27,0,0
BRDA:251,27,1,0
BRDA:261,28,0,0
BRDA:261,28,1,0
BRDA:263,29,0,0
BRDA:263,29,1,0
BRDA:268,30,0,0
BRDA:268,30,1,0
BRDA:270,31,0,0
BRDA:270,31,1,0
BRDA:275,32,0,0
BRDA:275,32,1,0
BRDA:277,33,0,0
BRDA:277,33,1,0
BRDA:293,34,0,0
BRDA:293,34,1,1
BRDA:296,35,0,0
BRDA:296,35,1,0
BRF:70
BRH:4
end_of_record
TN:
SF:/home/shen/github/cellevolution-contracts/contracts/interfaces/ICellEvolutionNewWorld.sol
FNF:0
FNH:0
LF:0
LH:0
BRF:0
BRH:0
end_of_record
